<?xml version="1.0" encoding="UTF-8"?>
<!-- Generated by org.testng.reporters.JUnitReportReporter -->
<testsuite skipped="0" hostname="DESKTOP-SFSL412" name="SeleniumPractise.MavenProjectPrac.AppiumMavTest" tests="1" failures="0" timestamp="28 May 2020 12:51:31 GMT" time="0.016" errors="0">
  <testcase name="AppiumTC1" time="0.016" classname="SeleniumPractise.MavenProjectPrac.AppiumMavTest"/>
</testsuite> <!-- SeleniumPractise.MavenProjectPrac.AppiumMavTest -->
